{"C:\\Users\\MUZZAMMIL\\time-off-microservice\\src\\app.controller.ts": {"path":"C:\\Users\\MUZZAMMIL\\time-off-microservice\\src\\app.controller.ts","statementMap":{"0":{"start":{"line":1,"column":0},"end":{"line":1,"column":49}},"1":{"start":{"line":2,"column":0},"end":{"line":2,"column":43}},"2":{"start":{"line":5,"column":7},"end":{"line":12,"column":null}},"3":{"start":{"line":6,"column":31},"end":{"line":6,"column":43}},"4":{"start":{"line":10,"column":4},"end":{"line":10,"column":39}},"5":{"start":{"line":5,"column":13},"end":{"line":5,"column":26}},"6":{"start":{"line":9,"column":2},"end":{"line":11,"column":null}},"7":{"start":{"line":5,"column":13},"end":{"line":12,"column":null}}},"fnMap":{"0":{"name":"(anonymous_2)","decl":{"start":{"line":6,"column":2},"end":{"line":6,"column":31}},"loc":{"start":{"line":6,"column":53},"end":{"line":6,"column":57}}},"1":{"name":"(anonymous_3)","decl":{"start":{"line":9,"column":2},"end":{"line":9,"column":11}},"loc":{"start":{"line":9,"column":11},"end":{"line":11,"column":3}}}},"branchMap":{"0":{"loc":{"start":{"line":6,"column":43},"end":{"line":6,"column":56}},"type":"cond-expr","locations":[{"start":{"line":6,"column":53},"end":{"line":6,"column":56}},{"start":{"line":6,"column":53},"end":{"line":6,"column":56}}]},"1":{"loc":{"start":{"line":6,"column":43},"end":{"line":6,"column":53}},"type":"binary-expr","locations":[{"start":{"line":6,"column":43},"end":{"line":6,"column":56}},{"start":{"line":6,"column":43},"end":{"line":6,"column":53}}]}},"s":{"0":1,"1":1,"2":1,"3":1,"4":1,"5":1,"6":1,"7":1},"f":{"0":1,"1":1},"b":{"0":[1,0],"1":[1,1]}}
,"C:\\Users\\MUZZAMMIL\\time-off-microservice\\src\\app.module.ts": {"path":"C:\\Users\\MUZZAMMIL\\time-off-microservice\\src\\app.module.ts","statementMap":{"0":{"start":{"line":1,"column":0},"end":{"line":1,"column":40}},"1":{"start":{"line":2,"column":0},"end":{"line":2,"column":48}},"2":{"start":{"line":3,"column":0},"end":{"line":3,"column":49}},"3":{"start":{"line":4,"column":0},"end":{"line":4,"column":43}},"4":{"start":{"line":5,"column":0},"end":{"line":5,"column":63}},"5":{"start":{"line":6,"column":0},"end":{"line":6,"column":59}},"6":{"start":{"line":7,"column":0},"end":{"line":7,"column":60}},"7":{"start":{"line":22,"column":7},"end":{"line":22,"column":null}},"8":{"start":{"line":22,"column":13},"end":{"line":22,"column":22}},"9":{"start":{"line":22,"column":13},"end":{"line":22,"column":null}}},"fnMap":{},"branchMap":{"0":{"loc":{"start":{"line":13,"column":16},"end":{"line":13,"column":61}},"type":"binary-expr","locations":[{"start":{"line":13,"column":16},"end":{"line":13,"column":35}},{"start":{"line":13,"column":39},"end":{"line":13,"column":61}}]}},"s":{"0":0,"1":0,"2":0,"3":0,"4":0,"5":0,"6":0,"7":0,"8":0,"9":0},"f":{},"b":{"0":[0,0]}}
,"C:\\Users\\MUZZAMMIL\\time-off-microservice\\src\\app.service.ts": {"path":"C:\\Users\\MUZZAMMIL\\time-off-microservice\\src\\app.service.ts","statementMap":{"0":{"start":{"line":1,"column":0},"end":{"line":1,"column":44}},"1":{"start":{"line":4,"column":7},"end":{"line":12,"column":null}},"2":{"start":{"line":6,"column":4},"end":{"line":10,"column":6}},"3":{"start":{"line":4,"column":13},"end":{"line":4,"column":23}},"4":{"start":{"line":4,"column":13},"end":{"line":12,"column":null}}},"fnMap":{"0":{"name":"(anonymous_1)","decl":{"start":{"line":5,"column":2},"end":{"line":5,"column":11}},"loc":{"start":{"line":5,"column":11},"end":{"line":11,"column":3}}}},"branchMap":{},"s":{"0":1,"1":1,"2":1,"3":1,"4":1},"f":{"0":1},"b":{}}
,"C:\\Users\\MUZZAMMIL\\time-off-microservice\\src\\main.ts": {"path":"C:\\Users\\MUZZAMMIL\\time-off-microservice\\src\\main.ts","statementMap":{"0":{"start":{"line":1,"column":0},"end":{"line":1,"column":48}},"1":{"start":{"line":2,"column":0},"end":{"line":2,"column":43}},"2":{"start":{"line":3,"column":0},"end":{"line":3,"column":41}},"3":{"start":{"line":6,"column":14},"end":{"line":6,"column":49}},"4":{"start":{"line":7,"column":2},"end":{"line":7,"column":29}},"5":{"start":{"line":8,"column":2},"end":{"line":14,"column":4}},"6":{"start":{"line":15,"column":2},"end":{"line":15,"column":45}},"7":{"start":{"line":17,"column":0},"end":{"line":17,"column":12}}},"fnMap":{"0":{"name":"bootstrap","decl":{"start":{"line":5,"column":15},"end":{"line":5,"column":24}},"loc":{"start":{"line":5,"column":24},"end":{"line":16,"column":1}}}},"branchMap":{"0":{"loc":{"start":{"line":15,"column":19},"end":{"line":15,"column":43}},"type":"binary-expr","locations":[{"start":{"line":15,"column":19},"end":{"line":15,"column":35}},{"start":{"line":15,"column":39},"end":{"line":15,"column":43}}]}},"s":{"0":0,"1":0,"2":0,"3":0,"4":0,"5":0,"6":0,"7":0},"f":{"0":0},"b":{"0":[0,0]}}
,"C:\\Users\\MUZZAMMIL\\time-off-microservice\\src\\common\\enums\\time-off-status.enum.ts": {"path":"C:\\Users\\MUZZAMMIL\\time-off-microservice\\src\\common\\enums\\time-off-status.enum.ts","statementMap":{"0":{"start":{"line":1,"column":0},"end":{"line":1,"column":null}},"1":{"start":{"line":2,"column":2},"end":{"line":2,"column":null}},"2":{"start":{"line":3,"column":2},"end":{"line":3,"column":null}},"3":{"start":{"line":4,"column":2},"end":{"line":4,"column":null}}},"fnMap":{"0":{"name":"(anonymous_0)","decl":{"start":{"line":1,"column":0},"end":{"line":1,"column":12}},"loc":{"start":{"line":1,"column":25},"end":{"line":5,"column":1}}}},"branchMap":{"0":{"loc":{"start":{"line":1,"column":12},"end":{"line":1,"column":null}},"type":"binary-expr","locations":[{"start":{"line":1,"column":12},"end":{"line":1,"column":25}},{"start":{"line":1,"column":25},"end":{"line":1,"column":null}}]}},"s":{"0":1,"1":1,"2":1,"3":1},"f":{"0":1},"b":{"0":[1,1]}}
,"C:\\Users\\MUZZAMMIL\\time-off-microservice\\src\\time-off\\hcm.gateway.ts": {"path":"C:\\Users\\MUZZAMMIL\\time-off-microservice\\src\\time-off\\hcm.gateway.ts","statementMap":{"0":{"start":{"line":1,"column":0},"end":{"line":1,"column":44}},"1":{"start":{"line":18,"column":7},"end":{"line":38,"column":null}},"2":{"start":{"line":20,"column":4},"end":{"line":26,"column":5}},"3":{"start":{"line":21,"column":6},"end":{"line":25,"column":8}},"4":{"start":{"line":28,"column":4},"end":{"line":34,"column":5}},"5":{"start":{"line":29,"column":6},"end":{"line":33,"column":8}},"6":{"start":{"line":36,"column":4},"end":{"line":36,"column":30}},"7":{"start":{"line":18,"column":13},"end":{"line":18,"column":23}},"8":{"start":{"line":18,"column":13},"end":{"line":38,"column":null}}},"fnMap":{"0":{"name":"(anonymous_1)","decl":{"start":{"line":19,"column":2},"end":{"line":19,"column":7}},"loc":{"start":{"line":19,"column":61},"end":{"line":37,"column":3}}}},"branchMap":{"0":{"loc":{"start":{"line":20,"column":4},"end":{"line":26,"column":5}},"type":"if","locations":[{"start":{"line":20,"column":4},"end":{"line":26,"column":5}},{"start":{},"end":{}}]},"1":{"loc":{"start":{"line":20,"column":8},"end":{"line":20,"column":72}},"type":"binary-expr","locations":[{"start":{"line":20,"column":8},"end":{"line":20,"column":27}},{"start":{"line":20,"column":31},"end":{"line":20,"column":50}},{"start":{"line":20,"column":54},"end":{"line":20,"column":72}}]},"2":{"loc":{"start":{"line":28,"column":4},"end":{"line":34,"column":5}},"type":"if","locations":[{"start":{"line":28,"column":4},"end":{"line":34,"column":5}},{"start":{},"end":{}}]}},"s":{"0":1,"1":1,"2":0,"3":0,"4":0,"5":0,"6":0,"7":1,"8":1},"f":{"0":0},"b":{"0":[0,0],"1":[0,0,0],"2":[0,0]}}
,"C:\\Users\\MUZZAMMIL\\time-off-microservice\\src\\time-off\\leave-balance.entity.ts": {"path":"C:\\Users\\MUZZAMMIL\\time-off-microservice\\src\\time-off\\leave-balance.entity.ts","statementMap":{"0":{"start":{"line":1,"column":0},"end":{"line":1,"column":91}},"1":{"start":{"line":5,"column":7},"end":{"line":26,"column":null}},"2":{"start":{"line":5,"column":13},"end":{"line":5,"column":25}},"3":{"start":{"line":7,"column":2},"end":{"line":7,"column":null}},"4":{"start":{"line":10,"column":2},"end":{"line":10,"column":null}},"5":{"start":{"line":13,"column":2},"end":{"line":13,"column":null}},"6":{"start":{"line":16,"column":2},"end":{"line":16,"column":null}},"7":{"start":{"line":19,"column":2},"end":{"line":19,"column":null}},"8":{"start":{"line":22,"column":2},"end":{"line":22,"column":null}},"9":{"start":{"line":25,"column":2},"end":{"line":25,"column":null}},"10":{"start":{"line":5,"column":13},"end":{"line":26,"column":null}}},"fnMap":{},"branchMap":{"0":{"loc":{"start":{"line":25,"column":16},"end":{"line":25,"column":21}},"type":"cond-expr","locations":[{"start":{"line":25,"column":20},"end":{"line":25,"column":21}},{"start":{"line":25,"column":20},"end":{"line":25,"column":21}}]},"1":{"loc":{"start":{"line":25,"column":16},"end":{"line":25,"column":20}},"type":"binary-expr","locations":[{"start":{"line":25,"column":16},"end":{"line":25,"column":21}},{"start":{"line":25,"column":16},"end":{"line":25,"column":20}}]}},"s":{"0":1,"1":1,"2":1,"3":1,"4":1,"5":1,"6":1,"7":1,"8":1,"9":1,"10":1},"f":{},"b":{"0":[1,0],"1":[1,1]}}
,"C:\\Users\\MUZZAMMIL\\time-off-microservice\\src\\time-off\\time-off.controller.ts": {"path":"C:\\Users\\MUZZAMMIL\\time-off-microservice\\src\\time-off\\time-off.controller.ts","statementMap":{"0":{"start":{"line":1,"column":0},"end":{"line":1,"column":96}},"1":{"start":{"line":2,"column":0},"end":{"line":2,"column":69}},"2":{"start":{"line":3,"column":0},"end":{"line":3,"column":76}},"3":{"start":{"line":4,"column":0},"end":{"line":4,"column":61}},"4":{"start":{"line":5,"column":0},"end":{"line":5,"column":79}},"5":{"start":{"line":6,"column":0},"end":{"line":6,"column":63}},"6":{"start":{"line":7,"column":0},"end":{"line":7,"column":71}},"7":{"start":{"line":8,"column":0},"end":{"line":8,"column":74}},"8":{"start":{"line":9,"column":0},"end":{"line":9,"column":52}},"9":{"start":{"line":12,"column":7},"end":{"line":54,"column":null}},"10":{"start":{"line":13,"column":31},"end":{"line":13,"column":40}},"11":{"start":{"line":17,"column":4},"end":{"line":17,"column":36}},"12":{"start":{"line":22,"column":4},"end":{"line":22,"column":40}},"13":{"start":{"line":27,"column":4},"end":{"line":27,"column":59}},"14":{"start":{"line":32,"column":4},"end":{"line":32,"column":55}},"15":{"start":{"line":37,"column":4},"end":{"line":37,"column":44}},"16":{"start":{"line":42,"column":4},"end":{"line":42,"column":50}},"17":{"start":{"line":47,"column":4},"end":{"line":47,"column":36}},"18":{"start":{"line":52,"column":4},"end":{"line":52,"column":46}},"19":{"start":{"line":12,"column":13},"end":{"line":12,"column":30}},"20":{"start":{"line":16,"column":2},"end":{"line":18,"column":null}},"21":{"start":{"line":21,"column":2},"end":{"line":23,"column":null}},"22":{"start":{"line":26,"column":2},"end":{"line":28,"column":null}},"23":{"start":{"line":31,"column":2},"end":{"line":33,"column":null}},"24":{"start":{"line":36,"column":2},"end":{"line":38,"column":null}},"25":{"start":{"line":41,"column":2},"end":{"line":43,"column":null}},"26":{"start":{"line":46,"column":2},"end":{"line":48,"column":null}},"27":{"start":{"line":51,"column":2},"end":{"line":53,"column":null}},"28":{"start":{"line":12,"column":13},"end":{"line":54,"column":null}}},"fnMap":{"0":{"name":"(anonymous_4)","decl":{"start":{"line":13,"column":2},"end":{"line":13,"column":31}},"loc":{"start":{"line":13,"column":54},"end":{"line":13,"column":58}}},"1":{"name":"(anonymous_5)","decl":{"start":{"line":16,"column":2},"end":{"line":16,"column":8}},"loc":{"start":{"line":16,"column":38},"end":{"line":18,"column":3}}},"2":{"name":"(anonymous_6)","decl":{"start":{"line":21,"column":2},"end":{"line":21,"column":9}},"loc":{"start":{"line":21,"column":49},"end":{"line":23,"column":3}}},"3":{"name":"(anonymous_7)","decl":{"start":{"line":26,"column":2},"end":{"line":26,"column":12}},"loc":{"start":{"line":26,"column":100},"end":{"line":28,"column":3}}},"4":{"name":"(anonymous_8)","decl":{"start":{"line":31,"column":2},"end":{"line":31,"column":15}},"loc":{"start":{"line":31,"column":91},"end":{"line":33,"column":3}}},"5":{"name":"(anonymous_9)","decl":{"start":{"line":36,"column":2},"end":{"line":36,"column":16}},"loc":{"start":{"line":36,"column":47},"end":{"line":38,"column":3}}},"6":{"name":"(anonymous_10)","decl":{"start":{"line":41,"column":2},"end":{"line":41,"column":22}},"loc":{"start":{"line":41,"column":59},"end":{"line":43,"column":3}}},"7":{"name":"(anonymous_11)","decl":{"start":{"line":46,"column":2},"end":{"line":46,"column":9}},"loc":{"start":{"line":46,"column":47},"end":{"line":48,"column":3}}},"8":{"name":"(anonymous_12)","decl":{"start":{"line":51,"column":2},"end":{"line":51,"column":14}},"loc":{"start":{"line":51,"column":89},"end":{"line":53,"column":3}}}},"branchMap":{"0":{"loc":{"start":{"line":16,"column":22},"end":{"line":16,"column":null}},"type":"cond-expr","locations":[{"start":{"line":16,"column":38},"end":{"line":16,"column":null}},{"start":{"line":16,"column":38},"end":{"line":16,"column":null}}]},"1":{"loc":{"start":{"line":16,"column":22},"end":{"line":16,"column":38}},"type":"binary-expr","locations":[{"start":{"line":16,"column":22},"end":{"line":16,"column":null}},{"start":{"line":16,"column":22},"end":{"line":16,"column":38}}]},"2":{"loc":{"start":{"line":21,"column":36},"end":{"line":21,"column":null}},"type":"cond-expr","locations":[{"start":{"line":21,"column":49},"end":{"line":21,"column":null}},{"start":{"line":21,"column":49},"end":{"line":21,"column":null}}]},"3":{"loc":{"start":{"line":21,"column":36},"end":{"line":21,"column":49}},"type":"binary-expr","locations":[{"start":{"line":21,"column":36},"end":{"line":21,"column":null}},{"start":{"line":21,"column":36},"end":{"line":21,"column":49}}]},"4":{"loc":{"start":{"line":26,"column":75},"end":{"line":26,"column":null}},"type":"cond-expr","locations":[{"start":{"line":26,"column":100},"end":{"line":26,"column":null}},{"start":{"line":26,"column":100},"end":{"line":26,"column":null}}]},"5":{"loc":{"start":{"line":26,"column":75},"end":{"line":26,"column":100}},"type":"binary-expr","locations":[{"start":{"line":26,"column":75},"end":{"line":26,"column":null}},{"start":{"line":26,"column":75},"end":{"line":26,"column":100}}]},"6":{"loc":{"start":{"line":31,"column":70},"end":{"line":31,"column":null}},"type":"cond-expr","locations":[{"start":{"line":31,"column":91},"end":{"line":31,"column":null}},{"start":{"line":31,"column":91},"end":{"line":31,"column":null}}]},"7":{"loc":{"start":{"line":31,"column":70},"end":{"line":31,"column":91}},"type":"binary-expr","locations":[{"start":{"line":31,"column":70},"end":{"line":31,"column":null}},{"start":{"line":31,"column":70},"end":{"line":31,"column":91}}]},"8":{"loc":{"start":{"line":36,"column":30},"end":{"line":36,"column":null}},"type":"cond-expr","locations":[{"start":{"line":36,"column":47},"end":{"line":36,"column":null}},{"start":{"line":36,"column":47},"end":{"line":36,"column":null}}]},"9":{"loc":{"start":{"line":36,"column":30},"end":{"line":36,"column":47}},"type":"binary-expr","locations":[{"start":{"line":36,"column":30},"end":{"line":36,"column":null}},{"start":{"line":36,"column":30},"end":{"line":36,"column":47}}]},"10":{"loc":{"start":{"line":41,"column":36},"end":{"line":41,"column":null}},"type":"cond-expr","locations":[{"start":{"line":41,"column":59},"end":{"line":41,"column":null}},{"start":{"line":41,"column":59},"end":{"line":41,"column":null}}]},"11":{"loc":{"start":{"line":41,"column":36},"end":{"line":41,"column":59}},"type":"binary-expr","locations":[{"start":{"line":41,"column":36},"end":{"line":41,"column":null}},{"start":{"line":41,"column":36},"end":{"line":41,"column":59}}]},"12":{"loc":{"start":{"line":51,"column":67},"end":{"line":51,"column":null}},"type":"cond-expr","locations":[{"start":{"line":51,"column":89},"end":{"line":51,"column":null}},{"start":{"line":51,"column":89},"end":{"line":51,"column":null}}]},"13":{"loc":{"start":{"line":51,"column":67},"end":{"line":51,"column":89}},"type":"binary-expr","locations":[{"start":{"line":51,"column":67},"end":{"line":51,"column":null}},{"start":{"line":51,"column":67},"end":{"line":51,"column":89}}]},"14":{"loc":{"start":{"line":13,"column":40},"end":{"line":13,"column":57}},"type":"cond-expr","locations":[{"start":{"line":13,"column":54},"end":{"line":13,"column":57}},{"start":{"line":13,"column":54},"end":{"line":13,"column":57}}]},"15":{"loc":{"start":{"line":13,"column":40},"end":{"line":13,"column":54}},"type":"binary-expr","locations":[{"start":{"line":13,"column":40},"end":{"line":13,"column":57}},{"start":{"line":13,"column":40},"end":{"line":13,"column":54}}]}},"s":{"0":0,"1":0,"2":0,"3":0,"4":0,"5":0,"6":0,"7":0,"8":0,"9":0,"10":0,"11":0,"12":0,"13":0,"14":0,"15":0,"16":0,"17":0,"18":0,"19":0,"20":0,"21":0,"22":0,"23":0,"24":0,"25":0,"26":0,"27":0,"28":0},"f":{"0":0,"1":0,"2":0,"3":0,"4":0,"5":0,"6":0,"7":0,"8":0},"b":{"0":[0,0],"1":[0,0],"2":[0,0],"3":[0,0],"4":[0,0],"5":[0,0],"6":[0,0],"7":[0,0],"8":[0,0],"9":[0,0],"10":[0,0],"11":[0,0],"12":[0,0],"13":[0,0],"14":[0,0],"15":[0,0]}}
,"C:\\Users\\MUZZAMMIL\\time-off-microservice\\src\\time-off\\time-off.entity.ts": {"path":"C:\\Users\\MUZZAMMIL\\time-off-microservice\\src\\time-off\\time-off.entity.ts","statementMap":{"0":{"start":{"line":1,"column":0},"end":{"line":1,"column":101}},"1":{"start":{"line":2,"column":0},"end":{"line":2,"column":69}},"2":{"start":{"line":5,"column":7},"end":{"line":41,"column":null}},"3":{"start":{"line":5,"column":13},"end":{"line":5,"column":27}},"4":{"start":{"line":7,"column":2},"end":{"line":7,"column":null}},"5":{"start":{"line":10,"column":2},"end":{"line":10,"column":null}},"6":{"start":{"line":13,"column":2},"end":{"line":13,"column":null}},"7":{"start":{"line":16,"column":2},"end":{"line":16,"column":null}},"8":{"start":{"line":19,"column":2},"end":{"line":19,"column":null}},"9":{"start":{"line":22,"column":2},"end":{"line":22,"column":null}},"10":{"start":{"line":25,"column":2},"end":{"line":25,"column":null}},"11":{"start":{"line":28,"column":2},"end":{"line":28,"column":null}},"12":{"start":{"line":31,"column":2},"end":{"line":31,"column":null}},"13":{"start":{"line":34,"column":2},"end":{"line":34,"column":null}},"14":{"start":{"line":37,"column":2},"end":{"line":37,"column":null}},"15":{"start":{"line":40,"column":2},"end":{"line":40,"column":null}},"16":{"start":{"line":5,"column":13},"end":{"line":41,"column":null}}},"fnMap":{},"branchMap":{"0":{"loc":{"start":{"line":31,"column":10},"end":{"line":31,"column":24}},"type":"cond-expr","locations":[{"start":{"line":31,"column":23},"end":{"line":31,"column":24}},{"start":{"line":31,"column":23},"end":{"line":31,"column":24}}]},"1":{"loc":{"start":{"line":31,"column":10},"end":{"line":31,"column":23}},"type":"binary-expr","locations":[{"start":{"line":31,"column":10},"end":{"line":31,"column":24}},{"start":{"line":31,"column":10},"end":{"line":31,"column":23}}]},"2":{"loc":{"start":{"line":37,"column":13},"end":{"line":37,"column":18}},"type":"cond-expr","locations":[{"start":{"line":37,"column":17},"end":{"line":37,"column":18}},{"start":{"line":37,"column":17},"end":{"line":37,"column":18}}]},"3":{"loc":{"start":{"line":37,"column":13},"end":{"line":37,"column":17}},"type":"binary-expr","locations":[{"start":{"line":37,"column":13},"end":{"line":37,"column":18}},{"start":{"line":37,"column":13},"end":{"line":37,"column":17}}]},"4":{"loc":{"start":{"line":40,"column":13},"end":{"line":40,"column":18}},"type":"cond-expr","locations":[{"start":{"line":40,"column":17},"end":{"line":40,"column":18}},{"start":{"line":40,"column":17},"end":{"line":40,"column":18}}]},"5":{"loc":{"start":{"line":40,"column":13},"end":{"line":40,"column":17}},"type":"binary-expr","locations":[{"start":{"line":40,"column":13},"end":{"line":40,"column":18}},{"start":{"line":40,"column":13},"end":{"line":40,"column":17}}]}},"s":{"0":1,"1":1,"2":1,"3":1,"4":1,"5":1,"6":1,"7":1,"8":1,"9":1,"10":1,"11":1,"12":1,"13":1,"14":1,"15":1,"16":1},"f":{},"b":{"0":[0,1],"1":[1,1],"2":[1,0],"3":[1,1],"4":[1,0],"5":[1,1]}}
,"C:\\Users\\MUZZAMMIL\\time-off-microservice\\src\\time-off\\time-off.module.ts": {"path":"C:\\Users\\MUZZAMMIL\\time-off-microservice\\src\\time-off\\time-off.module.ts","statementMap":{"0":{"start":{"line":1,"column":0},"end":{"line":1,"column":40}},"1":{"start":{"line":2,"column":0},"end":{"line":2,"column":48}},"2":{"start":{"line":3,"column":0},"end":{"line":3,"column":58}},"3":{"start":{"line":4,"column":0},"end":{"line":4,"column":43}},"4":{"start":{"line":5,"column":0},"end":{"line":5,"column":54}},"5":{"start":{"line":6,"column":0},"end":{"line":6,"column":51}},"6":{"start":{"line":7,"column":0},"end":{"line":7,"column":52}},"7":{"start":{"line":14,"column":7},"end":{"line":14,"column":null}},"8":{"start":{"line":14,"column":13},"end":{"line":14,"column":26}},"9":{"start":{"line":14,"column":13},"end":{"line":14,"column":null}}},"fnMap":{},"branchMap":{},"s":{"0":0,"1":0,"2":0,"3":0,"4":0,"5":0,"6":0,"7":0,"8":0,"9":0},"f":{},"b":{}}
,"C:\\Users\\MUZZAMMIL\\time-off-microservice\\src\\time-off\\time-off.service.ts": {"path":"C:\\Users\\MUZZAMMIL\\time-off-microservice\\src\\time-off\\time-off.service.ts","statementMap":{"0":{"start":{"line":1,"column":0},"end":{"line":1,"column":103}},"1":{"start":{"line":2,"column":0},"end":{"line":2,"column":51}},"2":{"start":{"line":3,"column":0},"end":{"line":3,"column":37}},"3":{"start":{"line":4,"column":0},"end":{"line":4,"column":69}},"4":{"start":{"line":11,"column":0},"end":{"line":11,"column":43}},"5":{"start":{"line":12,"column":0},"end":{"line":12,"column":54}},"6":{"start":{"line":13,"column":0},"end":{"line":13,"column":51}},"7":{"start":{"line":16,"column":7},"end":{"line":189,"column":null}},"8":{"start":{"line":19,"column":21},"end":{"line":19,"column":33}},"9":{"start":{"line":21,"column":21},"end":{"line":21,"column":40}},"10":{"start":{"line":22,"column":21},"end":{"line":22,"column":33}},"11":{"start":{"line":26,"column":4},"end":{"line":26,"column":55}},"12":{"start":{"line":27,"column":26},"end":{"line":27,"column":81}},"13":{"start":{"line":28,"column":20},"end":{"line":28,"column":97}},"14":{"start":{"line":30,"column":4},"end":{"line":34,"column":5}},"15":{"start":{"line":31,"column":6},"end":{"line":33,"column":8}},"16":{"start":{"line":35,"column":26},"end":{"line":41,"column":6}},"17":{"start":{"line":42,"column":4},"end":{"line":44,"column":5}},"18":{"start":{"line":43,"column":6},"end":{"line":43,"column":90}},"19":{"start":{"line":46,"column":4},"end":{"line":46,"column":44}},"20":{"start":{"line":47,"column":4},"end":{"line":47,"column":47}},"21":{"start":{"line":49,"column":20},"end":{"line":53,"column":6}},"22":{"start":{"line":55,"column":4},"end":{"line":55,"column":41}},"23":{"start":{"line":59,"column":4},"end":{"line":62,"column":7}},"24":{"start":{"line":66,"column":20},"end":{"line":66,"column":68}},"25":{"start":{"line":67,"column":4},"end":{"line":69,"column":5}},"26":{"start":{"line":68,"column":6},"end":{"line":68,"column":78}},"27":{"start":{"line":70,"column":4},"end":{"line":70,"column":19}},"28":{"start":{"line":74,"column":4},"end":{"line":76,"column":5}},"29":{"start":{"line":75,"column":6},"end":{"line":75,"column":76}},"30":{"start":{"line":78,"column":20},"end":{"line":78,"column":42}},"31":{"start":{"line":79,"column":4},"end":{"line":81,"column":5}},"32":{"start":{"line":80,"column":6},"end":{"line":80,"column":77}},"33":{"start":{"line":83,"column":20},"end":{"line":86,"column":null}},"34":{"start":{"line":88,"column":4},"end":{"line":91,"column":5}},"35":{"start":{"line":89,"column":6},"end":{"line":89,"column":54}},"36":{"start":{"line":90,"column":6},"end":{"line":90,"column":49}},"37":{"start":{"line":93,"column":4},"end":{"line":93,"column":32}},"38":{"start":{"line":94,"column":4},"end":{"line":94,"column":54}},"39":{"start":{"line":96,"column":4},"end":{"line":96,"column":41}},"40":{"start":{"line":100,"column":23},"end":{"line":100,"column":57}},"41":{"start":{"line":101,"column":22},"end":{"line":101,"column":54}},"42":{"start":{"line":102,"column":4},"end":{"line":102,"column":70}},"43":{"start":{"line":106,"column":20},"end":{"line":106,"column":92}},"44":{"start":{"line":107,"column":4},"end":{"line":107,"column":48}},"45":{"start":{"line":108,"column":4},"end":{"line":108,"column":40}},"46":{"start":{"line":109,"column":4},"end":{"line":109,"column":48}},"47":{"start":{"line":113,"column":20},"end":{"line":113,"column":96}},"48":{"start":{"line":114,"column":18},"end":{"line":114,"column":53}},"49":{"start":{"line":115,"column":28},"end":{"line":115,"column":56}},"50":{"start":{"line":117,"column":4},"end":{"line":117,"column":40}},"51":{"start":{"line":118,"column":4},"end":{"line":123,"column":5}},"52":{"start":{"line":119,"column":6},"end":{"line":119,"column":38}},"53":{"start":{"line":120,"column":6},"end":{"line":122,"column":7}},"54":{"start":{"line":121,"column":8},"end":{"line":121,"column":99}},"55":{"start":{"line":125,"column":4},"end":{"line":125,"column":48}},"56":{"start":{"line":129,"column":4},"end":{"line":137,"column":5}},"57":{"start":{"line":130,"column":6},"end":{"line":136,"column":9}},"58":{"start":{"line":138,"column":4},"end":{"line":138,"column":43}},"59":{"start":{"line":142,"column":4},"end":{"line":144,"column":5}},"60":{"start":{"line":143,"column":6},"end":{"line":143,"column":90}},"61":{"start":{"line":148,"column":18},"end":{"line":148,"column":37}},"62":{"start":{"line":149,"column":16},"end":{"line":149,"column":33}},"63":{"start":{"line":150,"column":24},"end":{"line":150,"column":43}},"64":{"start":{"line":151,"column":4},"end":{"line":151,"column":75}},"65":{"start":{"line":159,"column":21},"end":{"line":161,"column":6}},"66":{"start":{"line":162,"column":4},"end":{"line":164,"column":5}},"67":{"start":{"line":163,"column":6},"end":{"line":163,"column":22}},"68":{"start":{"line":166,"column":19},"end":{"line":172,"column":6}},"69":{"start":{"line":173,"column":4},"end":{"line":173,"column":47}},"70":{"start":{"line":181,"column":20},"end":{"line":181,"column":84}},"71":{"start":{"line":182,"column":4},"end":{"line":186,"column":5}},"72":{"start":{"line":183,"column":6},"end":{"line":185,"column":8}},"73":{"start":{"line":187,"column":4},"end":{"line":187,"column":19}},"74":{"start":{"line":16,"column":13},"end":{"line":16,"column":27}},"75":{"start":{"line":16,"column":13},"end":{"line":189,"column":null}}},"fnMap":{"0":{"name":"(anonymous_4)","decl":{"start":{"line":17,"column":2},"end":{"line":17,"column":null}},"loc":{"start":{"line":22,"column":43},"end":{"line":23,"column":6}}},"1":{"name":"(anonymous_5)","decl":{"start":{"line":25,"column":2},"end":{"line":25,"column":7}},"loc":{"start":{"line":25,"column":36},"end":{"line":56,"column":3}}},"2":{"name":"(anonymous_6)","decl":{"start":{"line":58,"column":2},"end":{"line":58,"column":7}},"loc":{"start":{"line":58,"column":38},"end":{"line":63,"column":3}}},"3":{"name":"(anonymous_7)","decl":{"start":{"line":65,"column":2},"end":{"line":65,"column":7}},"loc":{"start":{"line":65,"column":26},"end":{"line":71,"column":3}}},"4":{"name":"(anonymous_8)","decl":{"start":{"line":73,"column":2},"end":{"line":73,"column":7}},"loc":{"start":{"line":73,"column":60},"end":{"line":97,"column":3}}},"5":{"name":"(anonymous_9)","decl":{"start":{"line":99,"column":2},"end":{"line":99,"column":7}},"loc":{"start":{"line":99,"column":76},"end":{"line":103,"column":3}}},"6":{"name":"(anonymous_10)","decl":{"start":{"line":105,"column":2},"end":{"line":105,"column":7}},"loc":{"start":{"line":105,"column":68},"end":{"line":110,"column":3}}},"7":{"name":"(anonymous_11)","decl":{"start":{"line":112,"column":2},"end":{"line":112,"column":7}},"loc":{"start":{"line":112,"column":45},"end":{"line":126,"column":3}}},"8":{"name":"(anonymous_12)","decl":{"start":{"line":128,"column":2},"end":{"line":128,"column":7}},"loc":{"start":{"line":128,"column":57},"end":{"line":139,"column":3}}},"9":{"name":"(anonymous_13)","decl":{"start":{"line":141,"column":10},"end":{"line":141,"column":27}},"loc":{"start":{"line":141,"column":62},"end":{"line":145,"column":3}}},"10":{"name":"(anonymous_14)","decl":{"start":{"line":147,"column":10},"end":{"line":147,"column":32}},"loc":{"start":{"line":147,"column":67},"end":{"line":152,"column":3}}},"11":{"name":"(anonymous_15)","decl":{"start":{"line":154,"column":10},"end":{"line":154,"column":15}},"loc":{"start":{"line":157,"column":21},"end":{"line":174,"column":3}}},"12":{"name":"(anonymous_16)","decl":{"start":{"line":176,"column":10},"end":{"line":176,"column":15}},"loc":{"start":{"line":179,"column":21},"end":{"line":188,"column":3}}}},"branchMap":{"0":{"loc":{"start":{"line":30,"column":4},"end":{"line":34,"column":5}},"type":"if","locations":[{"start":{"line":30,"column":4},"end":{"line":34,"column":5}},{"start":{},"end":{}}]},"1":{"loc":{"start":{"line":42,"column":4},"end":{"line":44,"column":5}},"type":"if","locations":[{"start":{"line":42,"column":4},"end":{"line":44,"column":5}},{"start":{},"end":{}}]},"2":{"loc":{"start":{"line":43,"column":36},"end":{"line":43,"column":88}},"type":"binary-expr","locations":[{"start":{"line":43,"column":36},"end":{"line":43,"column":57}},{"start":{"line":43,"column":61},"end":{"line":43,"column":88}}]},"3":{"loc":{"start":{"line":60,"column":13},"end":{"line":60,"column":37}},"type":"cond-expr","locations":[{"start":{"line":60,"column":22},"end":{"line":60,"column":32}},{"start":{"line":60,"column":35},"end":{"line":60,"column":37}}]},"4":{"loc":{"start":{"line":67,"column":4},"end":{"line":69,"column":5}},"type":"if","locations":[{"start":{"line":67,"column":4},"end":{"line":69,"column":5}},{"start":{},"end":{}}]},"5":{"loc":{"start":{"line":74,"column":4},"end":{"line":76,"column":5}},"type":"if","locations":[{"start":{"line":74,"column":4},"end":{"line":76,"column":5}},{"start":{},"end":{}}]},"6":{"loc":{"start":{"line":79,"column":4},"end":{"line":81,"column":5}},"type":"if","locations":[{"start":{"line":79,"column":4},"end":{"line":81,"column":5}},{"start":{},"end":{}}]},"7":{"loc":{"start":{"line":88,"column":4},"end":{"line":91,"column":5}},"type":"if","locations":[{"start":{"line":88,"column":4},"end":{"line":91,"column":5}},{"start":{},"end":{}}]},"8":{"loc":{"start":{"line":94,"column":28},"end":{"line":94,"column":53}},"type":"binary-expr","locations":[{"start":{"line":94,"column":28},"end":{"line":94,"column":45}},{"start":{"line":94,"column":49},"end":{"line":94,"column":53}}]},"9":{"loc":{"start":{"line":100,"column":23},"end":{"line":100,"column":57}},"type":"binary-expr","locations":[{"start":{"line":100,"column":23},"end":{"line":100,"column":44}},{"start":{"line":100,"column":48},"end":{"line":100,"column":57}}]},"10":{"loc":{"start":{"line":101,"column":22},"end":{"line":101,"column":54}},"type":"binary-expr","locations":[{"start":{"line":101,"column":22},"end":{"line":101,"column":42}},{"start":{"line":101,"column":46},"end":{"line":101,"column":54}}]},"11":{"loc":{"start":{"line":115,"column":28},"end":{"line":115,"column":56}},"type":"binary-expr","locations":[{"start":{"line":115,"column":28},"end":{"line":115,"column":48}},{"start":{"line":115,"column":52},"end":{"line":115,"column":56}}]},"12":{"loc":{"start":{"line":118,"column":4},"end":{"line":123,"column":5}},"type":"if","locations":[{"start":{"line":118,"column":4},"end":{"line":123,"column":5}},{"start":{},"end":{}}]},"13":{"loc":{"start":{"line":120,"column":6},"end":{"line":122,"column":7}},"type":"if","locations":[{"start":{"line":120,"column":6},"end":{"line":122,"column":7}},{"start":{},"end":{}}]},"14":{"loc":{"start":{"line":142,"column":4},"end":{"line":144,"column":5}},"type":"if","locations":[{"start":{"line":142,"column":4},"end":{"line":144,"column":5}},{"start":{},"end":{}}]},"15":{"loc":{"start":{"line":162,"column":4},"end":{"line":164,"column":5}},"type":"if","locations":[{"start":{"line":162,"column":4},"end":{"line":164,"column":5}},{"start":{},"end":{}}]},"16":{"loc":{"start":{"line":182,"column":4},"end":{"line":186,"column":5}},"type":"if","locations":[{"start":{"line":182,"column":4},"end":{"line":186,"column":5}},{"start":{},"end":{}}]},"17":{"loc":{"start":{"line":19,"column":33},"end":{"line":19,"column":59}},"type":"cond-expr","locations":[{"start":{"line":19,"column":43},"end":{"line":19,"column":59}},{"start":{"line":19,"column":43},"end":{"line":19,"column":59}}]},"18":{"loc":{"start":{"line":19,"column":33},"end":{"line":19,"column":43}},"type":"binary-expr","locations":[{"start":{"line":19,"column":33},"end":{"line":19,"column":59}},{"start":{"line":19,"column":33},"end":{"line":19,"column":43}}]},"19":{"loc":{"start":{"line":19,"column":43},"end":{"line":21,"column":64}},"type":"cond-expr","locations":[{"start":{"line":21,"column":50},"end":{"line":21,"column":64}},{"start":{"line":21,"column":50},"end":{"line":21,"column":64}}]},"20":{"loc":{"start":{"line":19,"column":43},"end":{"line":21,"column":50}},"type":"binary-expr","locations":[{"start":{"line":19,"column":43},"end":{"line":21,"column":64}},{"start":{"line":21,"column":40},"end":{"line":21,"column":50}}]},"21":{"loc":{"start":{"line":21,"column":50},"end":{"line":22,"column":null}},"type":"cond-expr","locations":[{"start":{"line":22,"column":43},"end":{"line":22,"column":null}},{"start":{"line":22,"column":43},"end":{"line":22,"column":null}}]},"22":{"loc":{"start":{"line":21,"column":50},"end":{"line":22,"column":43}},"type":"binary-expr","locations":[{"start":{"line":21,"column":50},"end":{"line":22,"column":null}},{"start":{"line":22,"column":33},"end":{"line":22,"column":43}}]}},"s":{"0":1,"1":1,"2":1,"3":1,"4":1,"5":1,"6":1,"7":1,"8":6,"9":6,"10":6,"11":3,"12":2,"13":2,"14":1,"15":0,"16":1,"17":1,"18":0,"19":1,"20":1,"21":1,"22":1,"23":0,"24":2,"25":2,"26":0,"27":2,"28":2,"29":0,"30":2,"31":2,"32":1,"33":1,"34":1,"35":1,"36":1,"37":1,"38":1,"39":1,"40":0,"41":0,"42":0,"43":0,"44":0,"45":0,"46":0,"47":1,"48":1,"49":1,"50":1,"51":1,"52":1,"53":1,"54":0,"55":1,"56":0,"57":0,"58":0,"59":3,"60":1,"61":2,"62":2,"63":2,"64":2,"65":4,"66":4,"67":4,"68":0,"69":0,"70":3,"71":3,"72":1,"73":2,"74":1,"75":1},"f":{"0":6,"1":3,"2":0,"3":2,"4":2,"5":0,"6":0,"7":1,"8":0,"9":3,"10":2,"11":4,"12":3},"b":{"0":[0,1],"1":[0,1],"2":[0,0],"3":[0,0],"4":[0,2],"5":[0,2],"6":[1,1],"7":[1,0],"8":[1,0],"9":[0,0],"10":[0,0],"11":[1,1],"12":[1,0],"13":[0,1],"14":[1,2],"15":[4,0],"16":[1,2],"17":[1,0],"18":[1,1],"19":[1,0],"20":[1,1],"21":[1,0],"22":[1,1]}}
,"C:\\Users\\MUZZAMMIL\\time-off-microservice\\src\\time-off\\dto\\batch-sync-hcm-balances.dto.ts": {"path":"C:\\Users\\MUZZAMMIL\\time-off-microservice\\src\\time-off\\dto\\batch-sync-hcm-balances.dto.ts","statementMap":{"0":{"start":{"line":1,"column":0},"end":{"line":1,"column":41}},"1":{"start":{"line":2,"column":0},"end":{"line":2,"column":105}},"2":{"start":{"line":4,"column":0},"end":{"line":4,"column":13}},"3":{"start":{"line":7,"column":2},"end":{"line":7,"column":null}},"4":{"start":{"line":11,"column":2},"end":{"line":11,"column":null}},"5":{"start":{"line":15,"column":2},"end":{"line":15,"column":null}},"6":{"start":{"line":19,"column":2},"end":{"line":19,"column":null}},"7":{"start":{"line":22,"column":0},"end":{"line":22,"column":13}},"8":{"start":{"line":26,"column":2},"end":{"line":26,"column":null}},"9":{"start":{"line":25,"column":14},"end":{"line":25,"column":33}},"10":{"start":{"line":30,"column":2},"end":{"line":30,"column":null}},"11":{"start":{"line":28,"column":14},"end":{"line":28,"column":21}}},"fnMap":{"0":{"name":"(anonymous_2)","decl":{"start":{"line":25,"column":8},"end":{"line":25,"column":11}},"loc":{"start":{"line":25,"column":14},"end":{"line":25,"column":33}}},"1":{"name":"(anonymous_3)","decl":{"start":{"line":28,"column":8},"end":{"line":28,"column":11}},"loc":{"start":{"line":28,"column":14},"end":{"line":28,"column":21}}}},"branchMap":{},"s":{"0":0,"1":0,"2":0,"3":0,"4":0,"5":0,"6":0,"7":0,"8":0,"9":0,"10":0,"11":0},"f":{"0":0,"1":0},"b":{}}
,"C:\\Users\\MUZZAMMIL\\time-off-microservice\\src\\time-off\\dto\\create-time-off.dto.ts": {"path":"C:\\Users\\MUZZAMMIL\\time-off-microservice\\src\\time-off\\dto\\create-time-off.dto.ts","statementMap":{"0":{"start":{"line":1,"column":0},"end":{"line":1,"column":80}},"1":{"start":{"line":3,"column":0},"end":{"line":3,"column":13}},"2":{"start":{"line":7,"column":2},"end":{"line":7,"column":null}},"3":{"start":{"line":12,"column":2},"end":{"line":12,"column":null}},"4":{"start":{"line":17,"column":2},"end":{"line":17,"column":null}},"5":{"start":{"line":20,"column":2},"end":{"line":20,"column":null}},"6":{"start":{"line":23,"column":2},"end":{"line":23,"column":null}},"7":{"start":{"line":28,"column":2},"end":{"line":28,"column":null}}},"fnMap":{},"branchMap":{},"s":{"0":0,"1":0,"2":0,"3":0,"4":0,"5":0,"6":0,"7":0},"f":{},"b":{}}
,"C:\\Users\\MUZZAMMIL\\time-off-microservice\\src\\time-off\\dto\\leave-balance-dimensions.dto.ts": {"path":"C:\\Users\\MUZZAMMIL\\time-off-microservice\\src\\time-off\\dto\\leave-balance-dimensions.dto.ts","statementMap":{"0":{"start":{"line":1,"column":0},"end":{"line":1,"column":66}},"1":{"start":{"line":3,"column":0},"end":{"line":3,"column":13}},"2":{"start":{"line":7,"column":2},"end":{"line":7,"column":null}},"3":{"start":{"line":12,"column":2},"end":{"line":12,"column":null}}},"fnMap":{},"branchMap":{},"s":{"0":0,"1":0,"2":0,"3":0},"f":{},"b":{}}
,"C:\\Users\\MUZZAMMIL\\time-off-microservice\\src\\time-off\\dto\\sync-hcm-balance.dto.ts": {"path":"C:\\Users\\MUZZAMMIL\\time-off-microservice\\src\\time-off\\dto\\sync-hcm-balance.dto.ts","statementMap":{"0":{"start":{"line":1,"column":0},"end":{"line":1,"column":41}},"1":{"start":{"line":2,"column":0},"end":{"line":2,"column":92}},"2":{"start":{"line":4,"column":0},"end":{"line":4,"column":13}},"3":{"start":{"line":7,"column":2},"end":{"line":7,"column":null}},"4":{"start":{"line":11,"column":2},"end":{"line":11,"column":null}},"5":{"start":{"line":15,"column":2},"end":{"line":15,"column":null}},"6":{"start":{"line":19,"column":2},"end":{"line":19,"column":null}},"7":{"start":{"line":24,"column":2},"end":{"line":24,"column":null}},"8":{"start":{"line":22,"column":14},"end":{"line":22,"column":21}}},"fnMap":{"0":{"name":"(anonymous_2)","decl":{"start":{"line":22,"column":8},"end":{"line":22,"column":11}},"loc":{"start":{"line":22,"column":14},"end":{"line":22,"column":21}}}},"branchMap":{},"s":{"0":0,"1":0,"2":0,"3":0,"4":0,"5":0,"6":0,"7":0,"8":0},"f":{"0":0},"b":{}}
,"C:\\Users\\MUZZAMMIL\\time-off-microservice\\src\\time-off\\dto\\update-time-off-status.dto.ts": {"path":"C:\\Users\\MUZZAMMIL\\time-off-microservice\\src\\time-off\\dto\\update-time-off-status.dto.ts","statementMap":{"0":{"start":{"line":1,"column":0},"end":{"line":1,"column":74}},"1":{"start":{"line":2,"column":0},"end":{"line":2,"column":72}},"2":{"start":{"line":4,"column":0},"end":{"line":4,"column":13}},"3":{"start":{"line":6,"column":2},"end":{"line":6,"column":null}},"4":{"start":{"line":11,"column":2},"end":{"line":11,"column":null}}},"fnMap":{},"branchMap":{"0":{"loc":{"start":{"line":6,"column":10},"end":{"line":6,"column":24}},"type":"cond-expr","locations":[{"start":{"line":6,"column":23},"end":{"line":6,"column":24}},{"start":{"line":6,"column":23},"end":{"line":6,"column":24}}]},"1":{"loc":{"start":{"line":6,"column":10},"end":{"line":6,"column":23}},"type":"binary-expr","locations":[{"start":{"line":6,"column":10},"end":{"line":6,"column":24}},{"start":{"line":6,"column":10},"end":{"line":6,"column":23}}]}},"s":{"0":0,"1":0,"2":0,"3":0,"4":0},"f":{},"b":{"0":[0,0],"1":[0,0]}}
,"C:\\Users\\MUZZAMMIL\\time-off-microservice\\src\\time-off\\dto\\upsert-leave-balance.dto.ts": {"path":"C:\\Users\\MUZZAMMIL\\time-off-microservice\\src\\time-off\\dto\\upsert-leave-balance.dto.ts","statementMap":{"0":{"start":{"line":1,"column":0},"end":{"line":1,"column":69}},"1":{"start":{"line":3,"column":0},"end":{"line":3,"column":13}},"2":{"start":{"line":6,"column":2},"end":{"line":6,"column":null}},"3":{"start":{"line":10,"column":2},"end":{"line":10,"column":null}},"4":{"start":{"line":14,"column":2},"end":{"line":14,"column":null}},"5":{"start":{"line":18,"column":2},"end":{"line":18,"column":null}}},"fnMap":{},"branchMap":{},"s":{"0":0,"1":0,"2":0,"3":0,"4":0,"5":0},"f":{},"b":{}}
}
