TN:
SF:src\app.controller.ts
FN:6,(anonymous_2)
FN:9,(anonymous_3)
FNF:2
FNH:2
FNDA:1,(anonymous_2)
FNDA:1,(anonymous_3)
DA:1,1
DA:2,1
DA:5,1
DA:6,1
DA:9,1
DA:10,1
LF:6
LH:6
BRDA:6,0,0,1
BRDA:6,0,1,0
BRDA:6,1,0,1
BRDA:6,1,1,1
BRF:4
BRH:3
end_of_record
TN:
SF:src\app.module.ts
FNF:0
FNH:0
DA:1,0
DA:2,0
DA:3,0
DA:4,0
DA:5,0
DA:6,0
DA:7,0
DA:22,0
LF:8
LH:0
BRDA:13,0,0,0
BRDA:13,0,1,0
BRF:2
BRH:0
end_of_record
TN:
SF:src\app.service.ts
FN:5,(anonymous_1)
FNF:1
FNH:1
FNDA:1,(anonymous_1)
DA:1,1
DA:4,1
DA:6,1
LF:3
LH:3
BRF:0
BRH:0
end_of_record
TN:
SF:src\main.ts
FN:5,bootstrap
FNF:1
FNH:0
FNDA:0,bootstrap
DA:1,0
DA:2,0
DA:3,0
DA:6,0
DA:7,0
DA:8,0
DA:15,0
DA:17,0
LF:8
LH:0
BRDA:15,0,0,0
BRDA:15,0,1,0
BRF:2
BRH:0
end_of_record
TN:
SF:src\common\enums\time-off-status.enum.ts
FN:1,(anonymous_0)
FNF:1
FNH:1
FNDA:1,(anonymous_0)
DA:1,1
DA:2,1
DA:3,1
DA:4,1
LF:4
LH:4
BRDA:1,0,0,1
BRDA:1,0,1,1
BRF:2
BRH:2
end_of_record
TN:
SF:src\time-off\hcm.gateway.ts
FN:19,(anonymous_1)
FNF:1
FNH:0
FNDA:0,(anonymous_1)
DA:1,1
DA:18,1
DA:20,0
DA:21,0
DA:28,0
DA:29,0
DA:36,0
LF:7
LH:2
BRDA:20,0,0,0
BRDA:20,0,1,0
BRDA:20,1,0,0
BRDA:20,1,1,0
BRDA:20,1,2,0
BRDA:28,2,0,0
BRDA:28,2,1,0
BRF:7
BRH:0
end_of_record
TN:
SF:src\time-off\leave-balance.entity.ts
FNF:0
FNH:0
DA:1,1
DA:5,1
DA:7,1
DA:10,1
DA:13,1
DA:16,1
DA:19,1
DA:22,1
DA:25,1
LF:9
LH:9
BRDA:25,0,0,1
BRDA:25,0,1,0
BRDA:25,1,0,1
BRDA:25,1,1,1
BRF:4
BRH:3
end_of_record
TN:
SF:src\time-off\time-off.controller.ts
FN:13,(anonymous_4)
FN:16,(anonymous_5)
FN:21,(anonymous_6)
FN:26,(anonymous_7)
FN:31,(anonymous_8)
FN:36,(anonymous_9)
FN:41,(anonymous_10)
FN:46,(anonymous_11)
FN:51,(anonymous_12)
FNF:9
FNH:0
FNDA:0,(anonymous_4)
FNDA:0,(anonymous_5)
FNDA:0,(anonymous_6)
FNDA:0,(anonymous_7)
FNDA:0,(anonymous_8)
FNDA:0,(anonymous_9)
FNDA:0,(anonymous_10)
FNDA:0,(anonymous_11)
FNDA:0,(anonymous_12)
DA:1,0
DA:2,0
DA:3,0
DA:4,0
DA:5,0
DA:6,0
DA:7,0
DA:8,0
DA:9,0
DA:12,0
DA:13,0
DA:16,0
DA:17,0
DA:21,0
DA:22,0
DA:26,0
DA:27,0
DA:31,0
DA:32,0
DA:36,0
DA:37,0
DA:41,0
DA:42,0
DA:46,0
DA:47,0
DA:51,0
DA:52,0
LF:27
LH:0
BRDA:16,0,0,0
BRDA:16,0,1,0
BRDA:16,1,0,0
BRDA:16,1,1,0
BRDA:21,2,0,0
BRDA:21,2,1,0
BRDA:21,3,0,0
BRDA:21,3,1,0
BRDA:26,4,0,0
BRDA:26,4,1,0
BRDA:26,5,0,0
BRDA:26,5,1,0
BRDA:31,6,0,0
BRDA:31,6,1,0
BRDA:31,7,0,0
BRDA:31,7,1,0
BRDA:36,8,0,0
BRDA:36,8,1,0
BRDA:36,9,0,0
BRDA:36,9,1,0
BRDA:41,10,0,0
BRDA:41,10,1,0
BRDA:41,11,0,0
BRDA:41,11,1,0
BRDA:51,12,0,0
BRDA:51,12,1,0
BRDA:51,13,0,0
BRDA:51,13,1,0
BRDA:13,14,0,0
BRDA:13,14,1,0
BRDA:13,15,0,0
BRDA:13,15,1,0
BRF:32
BRH:0
end_of_record
TN:
SF:src\time-off\time-off.entity.ts
FNF:0
FNH:0
DA:1,1
DA:2,1
DA:5,1
DA:7,1
DA:10,1
DA:13,1
DA:16,1
DA:19,1
DA:22,1
DA:25,1
DA:28,1
DA:31,1
DA:34,1
DA:37,1
DA:40,1
LF:15
LH:15
BRDA:31,0,0,0
BRDA:31,0,1,1
BRDA:31,1,0,1
BRDA:31,1,1,1
BRDA:37,2,0,1
BRDA:37,2,1,0
BRDA:37,3,0,1
BRDA:37,3,1,1
BRDA:40,4,0,1
BRDA:40,4,1,0
BRDA:40,5,0,1
BRDA:40,5,1,1
BRF:12
BRH:9
end_of_record
TN:
SF:src\time-off\time-off.module.ts
FNF:0
FNH:0
DA:1,0
DA:2,0
DA:3,0
DA:4,0
DA:5,0
DA:6,0
DA:7,0
DA:14,0
LF:8
LH:0
BRF:0
BRH:0
end_of_record
TN:
SF:src\time-off\time-off.service.ts
FN:17,(anonymous_4)
FN:25,(anonymous_5)
FN:58,(anonymous_6)
FN:65,(anonymous_7)
FN:73,(anonymous_8)
FN:99,(anonymous_9)
FN:105,(anonymous_10)
FN:112,(anonymous_11)
FN:128,(anonymous_12)
FN:141,(anonymous_13)
FN:147,(anonymous_14)
FN:154,(anonymous_15)
FN:176,(anonymous_16)
FNF:13
FNH:9
FNDA:6,(anonymous_4)
FNDA:3,(anonymous_5)
FNDA:0,(anonymous_6)
FNDA:2,(anonymous_7)
FNDA:2,(anonymous_8)
FNDA:0,(anonymous_9)
FNDA:0,(anonymous_10)
FNDA:1,(anonymous_11)
FNDA:0,(anonymous_12)
FNDA:3,(anonymous_13)
FNDA:2,(anonymous_14)
FNDA:4,(anonymous_15)
FNDA:3,(anonymous_16)
DA:1,1
DA:2,1
DA:3,1
DA:4,1
DA:11,1
DA:12,1
DA:13,1
DA:16,1
DA:19,6
DA:21,6
DA:22,6
DA:26,3
DA:27,2
DA:28,2
DA:30,1
DA:31,0
DA:35,1
DA:42,1
DA:43,0
DA:46,1
DA:47,1
DA:49,1
DA:55,1
DA:59,0
DA:66,2
DA:67,2
DA:68,0
DA:70,2
DA:74,2
DA:75,0
DA:78,2
DA:79,2
DA:80,1
DA:83,1
DA:88,1
DA:89,1
DA:90,1
DA:93,1
DA:94,1
DA:96,1
DA:100,0
DA:101,0
DA:102,0
DA:106,0
DA:107,0
DA:108,0
DA:109,0
DA:113,1
DA:114,1
DA:115,1
DA:117,1
DA:118,1
DA:119,1
DA:120,1
DA:121,0
DA:125,1
DA:129,0
DA:130,0
DA:138,0
DA:142,3
DA:143,1
DA:148,2
DA:149,2
DA:150,2
DA:151,2
DA:159,4
DA:162,4
DA:163,4
DA:166,0
DA:173,0
DA:181,3
DA:182,3
DA:183,1
DA:187,2
LF:74
LH:56
BRDA:30,0,0,0
BRDA:30,0,1,1
BRDA:42,1,0,0
BRDA:42,1,1,1
BRDA:43,2,0,0
BRDA:43,2,1,0
BRDA:60,3,0,0
BRDA:60,3,1,0
BRDA:67,4,0,0
BRDA:67,4,1,2
BRDA:74,5,0,0
BRDA:74,5,1,2
BRDA:79,6,0,1
BRDA:79,6,1,1
BRDA:88,7,0,1
BRDA:88,7,1,0
BRDA:94,8,0,1
BRDA:94,8,1,0
BRDA:100,9,0,0
BRDA:100,9,1,0
BRDA:101,10,0,0
BRDA:101,10,1,0
BRDA:115,11,0,1
BRDA:115,11,1,1
BRDA:118,12,0,1
BRDA:118,12,1,0
BRDA:120,13,0,0
BRDA:120,13,1,1
BRDA:142,14,0,1
BRDA:142,14,1,2
BRDA:162,15,0,4
BRDA:162,15,1,0
BRDA:182,16,0,1
BRDA:182,16,1,2
BRDA:19,17,0,1
BRDA:19,17,1,0
BRDA:19,18,0,1
BRDA:19,18,1,1
BRDA:19,19,0,1
BRDA:19,19,1,0
BRDA:19,20,0,1
BRDA:19,20,1,1
BRDA:21,21,0,1
BRDA:21,21,1,0
BRDA:21,22,0,1
BRDA:21,22,1,1
BRF:46
BRH:26
end_of_record
TN:
SF:src\time-off\dto\batch-sync-hcm-balances.dto.ts
FN:25,(anonymous_2)
FN:28,(anonymous_3)
FNF:2
FNH:0
FNDA:0,(anonymous_2)
FNDA:0,(anonymous_3)
DA:1,0
DA:2,0
DA:4,0
DA:7,0
DA:11,0
DA:15,0
DA:19,0
DA:22,0
DA:25,0
DA:26,0
DA:28,0
DA:30,0
LF:12
LH:0
BRF:0
BRH:0
end_of_record
TN:
SF:src\time-off\dto\create-time-off.dto.ts
FNF:0
FNH:0
DA:1,0
DA:3,0
DA:7,0
DA:12,0
DA:17,0
DA:20,0
DA:23,0
DA:28,0
LF:8
LH:0
BRF:0
BRH:0
end_of_record
TN:
SF:src\time-off\dto\leave-balance-dimensions.dto.ts
FNF:0
FNH:0
DA:1,0
DA:3,0
DA:7,0
DA:12,0
LF:4
LH:0
BRF:0
BRH:0
end_of_record
TN:
SF:src\time-off\dto\sync-hcm-balance.dto.ts
FN:22,(anonymous_2)
FNF:1
FNH:0
FNDA:0,(anonymous_2)
DA:1,0
DA:2,0
DA:4,0
DA:7,0
DA:11,0
DA:15,0
DA:19,0
DA:22,0
DA:24,0
LF:9
LH:0
BRF:0
BRH:0
end_of_record
TN:
SF:src\time-off\dto\update-time-off-status.dto.ts
FNF:0
FNH:0
DA:1,0
DA:2,0
DA:4,0
DA:6,0
DA:11,0
LF:5
LH:0
BRDA:6,0,0,0
BRDA:6,0,1,0
BRDA:6,1,0,0
BRDA:6,1,1,0
BRF:4
BRH:0
end_of_record
TN:
SF:src\time-off\dto\upsert-leave-balance.dto.ts
FNF:0
FNH:0
DA:1,0
DA:3,0
DA:6,0
DA:10,0
DA:14,0
DA:18,0
LF:6
LH:0
BRF:0
BRH:0
end_of_record
